2024-12-21 20:07:24,311 - INFO - Input file is already in WAV format: 'C:\Users\phatt\Desktop\code\data_intro\data\singing\vocal1.wav'.
2024-12-21 20:07:25,315 - INFO - Starting chunk numbering from 1.
2024-12-21 20:07:25,321 - INFO - Exported 'chunk1.wav'.
2024-12-21 20:07:25,322 - INFO - Splitting completed successfully.
2024-12-21 20:07:25,322 - INFO - All split audio files are saved in the 'split_audio' directory.
2024-12-21 20:15:06,628 - INFO - Input file is already in WAV format: 'C:\Users\phatt\Desktop\code\data_intro\data\singing\vocal2.wav'.
2024-12-21 20:15:07,638 - INFO - Starting chunk numbering from 2.
2024-12-21 20:15:07,638 - INFO - Exported 'chunk2.wav'.
2024-12-21 20:15:07,638 - INFO - Splitting completed successfully.
2024-12-21 20:15:07,638 - INFO - All split audio files are saved in the 'split_audio' directory.
2024-12-21 23:44:27,027 - ERROR - The file '"C:\Users\phatt\Desktop\code\data_intro\data1\singing\vocal25.wav"' does not exist. Please provide a valid file path.
2024-12-21 23:44:38,493 - INFO - Input file is already in WAV format: 'C:\Users\phatt\Desktop\code\data_intro\data1\singing\vocal25.wav'.
2024-12-21 23:44:39,507 - INFO - Starting chunk numbering from 1.
2024-12-21 23:44:39,519 - INFO - Exported 'chunk1.wav'.
2024-12-21 23:44:39,520 - INFO - Splitting completed successfully.
2024-12-21 23:44:39,520 - INFO - All split audio files are saved in the 'split_audio' directory.
2024-12-22 00:30:45,350 - INFO - Input file is already in WAV format: 'C:\Users\phatt\Desktop\code\data_intro\data1\singing\vocal38.wav'.
2024-12-22 00:30:46,352 - INFO - Starting chunk numbering from 1.
2024-12-22 00:30:46,363 - INFO - Exported 'chunk1.wav'.
2024-12-22 00:30:46,364 - INFO - Splitting completed successfully.
2024-12-22 00:30:46,364 - INFO - All split audio files are saved in the 'split_audio' directory.
2024-12-22 12:25:30,876 - INFO - Input file is already in WAV format: 'C:\Users\phatt\Desktop\code\data_intro\data1\singing\vocal29.wav'.
2024-12-22 12:25:31,888 - INFO - Starting chunk numbering from 1.
2024-12-22 12:25:31,899 - INFO - Exported 'chunk1.wav'.
2024-12-22 12:25:31,899 - INFO - Splitting completed successfully.
2024-12-22 12:25:31,899 - INFO - All split audio files are saved in the 'split_audio' directory.
2024-12-22 12:26:50,314 - INFO - Input file is already in WAV format: 'C:\Users\phatt\Desktop\code\data_intro\data1\singing\vocal737.wav'.
2024-12-22 12:26:51,327 - INFO - Starting chunk numbering from 1.
2024-12-22 12:26:51,327 - INFO - Exported 'chunk1.wav'.
2024-12-22 12:26:51,327 - INFO - Splitting completed successfully.
2024-12-22 12:26:51,327 - INFO - All split audio files are saved in the 'split_audio' directory.
2024-12-22 12:59:56,152 - ERROR - The file '"C:\Users\phatt\Desktop\code\data_intro\data1\singing\vocal737.wav"' does not exist. Please provide a valid file path.
2024-12-22 13:00:58,988 - INFO - Input file is already in WAV format: 'C:\Users\phatt\Desktop\code\data_intro\data1\singing\vocal737.wav'.
2024-12-22 13:00:59,998 - INFO - Starting chunk numbering from 1.
2024-12-22 13:01:00,001 - INFO - Exported 'chunk1.wav'.
2024-12-22 13:01:00,001 - INFO - Splitting completed successfully.
2024-12-22 13:01:00,001 - INFO - All split audio files are saved in the 'split_audio' directory.
2024-12-22 13:04:20,291 - INFO - Input file is already in WAV format: 'C:\Users\phatt\Desktop\code\data_intro\data1\singing\vocal737.wav'.
2024-12-22 13:04:21,302 - INFO - Starting chunk numbering from 1.
2024-12-22 13:04:21,306 - INFO - Exported 'chunk1.wav'.
2024-12-22 13:04:21,306 - INFO - Splitting completed successfully.
2024-12-22 13:04:21,306 - INFO - All split audio files are saved in the 'split_audio' directory.
2024-12-22 13:16:51,653 - INFO - Input file is already in WAV format: 'C:\Users\phatt\Desktop\code\data_intro\data1\singing\vocal737.wav'.
2024-12-22 13:16:52,661 - INFO - Starting chunk numbering from 1.
2024-12-22 13:16:52,666 - INFO - Exported 'chunk1.wav'.
2024-12-22 13:16:52,666 - INFO - Splitting completed successfully.
2024-12-22 13:16:52,666 - INFO - All split audio files are saved in the 'split_audio' directory.
2024-12-22 13:20:05,627 - INFO - Input file is already in WAV format: 'C:\Users\phatt\Desktop\code\data_intro\data1\singing\vocal737.wav'.
2024-12-22 13:20:06,631 - INFO - Starting chunk numbering from 2.
2024-12-22 13:20:06,638 - INFO - Exported 'chunk2.wav'.
2024-12-22 13:20:06,638 - INFO - Splitting completed successfully.
2024-12-22 13:20:06,638 - INFO - All split audio files are saved in the 'split_audio' directory.
2024-12-22 13:40:24,062 - INFO - Input file is already in WAV format: 'C:\Users\phatt\Desktop\code\data_intro\data1\singing\vocal737.wav'.
2024-12-22 13:40:25,065 - INFO - Starting chunk numbering from 3.
2024-12-22 13:40:25,065 - INFO - Exported 'chunk3.wav'.
2024-12-22 13:40:25,065 - INFO - Splitting completed successfully.
2024-12-22 13:40:25,065 - INFO - All split audio files are saved in the 'split_audio' directory.
2024-12-22 13:42:45,851 - INFO - Input file is already in WAV format: 'C:\Users\phatt\Desktop\code\data_intro\data1\singing\vocal737.wav'.
2024-12-22 13:42:46,865 - INFO - Starting chunk numbering from 1.
2024-12-22 13:42:46,865 - INFO - Exported 'chunk1.wav'.
2024-12-22 13:42:46,865 - INFO - Splitting completed successfully.
2024-12-22 13:42:46,865 - INFO - All split audio files are saved in the 'split_audio' directory.
2024-12-22 13:45:54,532 - INFO - Input file is already in WAV format: 'C:\Users\phatt\Desktop\code\data_intro\data1\singing\vocal737.wav'.
2024-12-22 13:45:55,536 - INFO - Starting chunk numbering from 1.
2024-12-22 13:45:55,536 - INFO - Exported 'chunk1.wav'.
2024-12-22 13:45:55,536 - INFO - Splitting completed successfully.
2024-12-22 13:45:55,536 - INFO - All split audio files are saved in the 'split_audio' directory.
