2024-12-08 21:51:50,021 INFO:Found 0 singing files and 0 talking files.
2024-12-08 21:51:50,021 INFO:Total files to process: 0
2024-12-08 21:51:50,036 INFO:Successfully extracted features for 0 files.
2024-12-08 21:51:50,036 INFO:Feature extraction complete. Data saved to 'features.csv'
2024-12-08 22:07:03,594 INFO:Found 0 singing files and 0 talking files.
2024-12-08 22:07:03,594 INFO:Total files to process: 0
2024-12-08 22:07:03,613 INFO:Successfully extracted features for 0 files.
2024-12-08 22:07:03,613 INFO:Feature extraction complete. Data saved to 'features.csv'
2024-12-13 11:24:56,514 INFO:Base directory set to: C:\Users\phatt\OneDrive\Desktop\code\intro_project\Talking-and-Singing-Classification\data
2024-12-13 11:24:56,514 ERROR:Singing directory does not exist: C:\Users\phatt\OneDrive\Desktop\code\intro_project\Talking-and-Singing-Classification\data\singing
2024-12-13 11:24:56,514 ERROR:Talking directory does not exist: C:\Users\phatt\OneDrive\Desktop\code\intro_project\Talking-and-Singing-Classification\data\talking
2024-12-13 11:24:56,514 INFO:Found 0 singing files and 0 talking files.
2024-12-13 11:24:56,514 INFO:Total files to process: 0
2024-12-13 11:24:56,514 ERROR:No audio files found. Exiting the script.
2024-12-13 11:25:10,902 INFO:Base directory set to: C:\Users\phatt\OneDrive\Desktop\code\intro_project\Talking-and-Singing-Classification\data
2024-12-13 11:25:10,902 INFO:Found 1001 singing files and 1001 talking files.
2024-12-13 11:25:10,902 INFO:Total files to process: 2002
2024-12-13 11:28:09,924 INFO:Successfully extracted features for 2002 files.
2024-12-13 11:28:10,089 INFO:Feature extraction complete. Data saved to 'features.csv'
2024-12-13 11:28:10,144 INFO:Training set size: 1601 samples
2024-12-13 11:28:10,144 INFO:Testing set size: 401 samples
2024-12-13 11:36:37,268 INFO:Base directory set to: C:\Users\phatt\OneDrive\Desktop\code\intro_project\Talking-and-Singing-Classification\data
2024-12-13 11:36:37,268 INFO:Found 1001 singing files and 1001 talking files.
2024-12-13 11:36:37,268 INFO:Total files to process: 2002
2024-12-13 11:39:29,031 INFO:Successfully extracted features for 2002 files.
2024-12-13 11:39:29,147 INFO:Feature extraction complete. Data saved to 'features.csv'
2024-12-13 11:39:29,207 INFO:Training set size: 1601 samples
2024-12-13 11:39:29,207 INFO:Testing set size: 401 samples
2024-12-13 15:57:05,620 INFO:Base directory set to: C:\Users\phatt\OneDrive\Desktop\code\intro_project\Talking-and-Singing-Classification\data
2024-12-13 15:57:05,637 INFO:Found 1001 singing files and 1001 talking files.
2024-12-13 15:57:05,638 INFO:Total files to process: 2002
2024-12-13 15:59:55,840 INFO:Successfully extracted features for 2002 files.
2024-12-13 15:59:55,987 INFO:Feature extraction complete. Data saved to 'features.csv'
2024-12-13 15:59:56,037 INFO:Training set size: 1601 samples
2024-12-13 15:59:56,037 INFO:Testing set size: 401 samples
2024-12-24 19:57:37,018 INFO:Base directory set to: D:\ai_project\audio_classification\model_building\data
2024-12-24 19:57:37,019 INFO:Found 84 singing files and 118 talking files.
2024-12-24 19:57:37,019 INFO:Total files to process: 202
2024-12-24 19:58:02,198 INFO:Successfully extracted features for 202 files.
2024-12-24 19:58:02,220 INFO:Feature extraction complete. Data saved to 'features.csv'
2024-12-24 19:58:02,245 INFO:Training set size: 161 samples
2024-12-24 19:58:02,245 INFO:Testing set size: 41 samples
2024-12-24 19:58:02,246 INFO:Loaded scaler parameters from 'minmax_scaler_params.json'.
2024-12-24 19:58:02,280 INFO:Data scaled using the loaded MinMaxScaler.
2024-12-24 19:58:02,296 INFO:Scaled data saved to 'train_features_scaled.csv' and 'test_features_scaled.csv'.
