2024-12-21 19:49:46,808 - INFO - Starting vocal extraction for 1 files with 4 workers.
2024-12-21 19:49:55,024 - INFO - File split_vocal\vocal1/vocals.wav written succesfully
2024-12-21 19:49:55,039 - INFO - File split_vocal\vocal1/accompaniment.wav written succesfully
2024-12-21 19:49:55,042 - INFO - Extracted vocals from 'split_audio\vocal1.wav' to 'split_vocal\vocal1\vocals.wav'.
2024-12-21 19:49:55,042 - INFO - Deleted accompaniment file 'split_vocal\vocal1\accompaniment.wav'.
2024-12-21 19:49:55,042 - INFO - Vocal extraction completed for all files. Vocals saved in 'split_vocal'.
2024-12-21 19:51:49,632 - INFO - Starting vocal extraction for 1 files with 4 workers.
2024-12-21 19:51:57,644 - INFO - File split_vocal\vocal1/vocals.wav written succesfully
2024-12-21 19:51:57,654 - INFO - File split_vocal\vocal1/accompaniment.wav written succesfully
2024-12-21 19:51:57,654 - INFO - Extracted vocals from 'split_audio\vocal1.wav' to 'split_vocal\vocal1\vocals.wav'.
2024-12-21 19:51:57,659 - INFO - Deleted accompaniment file 'split_vocal\vocal1\accompaniment.wav'.
2024-12-21 19:51:57,661 - INFO - Vocal extraction completed for all files. Vocals saved in 'split_vocal'.
2024-12-21 19:55:32,782 - INFO - Starting vocal extraction for 1 files with 4 workers.
2024-12-21 19:55:33,027 - ERROR - Failed to extract vocals from 'split_audio\vocal1.wav': 'str' object has no attribute 'shape'
2024-12-21 19:55:33,027 - ERROR - Error processing 'split_audio\vocal1.wav': Failed to extract vocals from 'split_audio\vocal1.wav': 'str' object has no attribute 'shape'
2024-12-21 19:55:33,027 - INFO - Vocal extraction completed for all files. Vocals saved in 'split_vocal'.
2024-12-21 19:59:25,417 - INFO - Starting vocal extraction for 1 files with 4 workers.
2024-12-21 19:59:25,657 - ERROR - Failed to extract vocals from 'split_audio\vocal1.wav': 'str' object has no attribute 'shape'
2024-12-21 19:59:25,657 - ERROR - Error processing 'split_audio\vocal1.wav': Failed to extract vocals from 'split_audio\vocal1.wav': 'str' object has no attribute 'shape'
2024-12-21 19:59:25,672 - INFO - Vocal extraction completed for all files. Vocals saved in 'split_vocal'.
2024-12-21 20:08:10,279 - INFO - Starting vocal extraction for 1 files with 4 workers.
2024-12-21 20:08:10,512 - ERROR - Failed to extract vocals from 'split_audio\chunk1.wav': 'str' object has no attribute 'shape'
2024-12-21 20:08:10,512 - ERROR - Error processing 'split_audio\chunk1.wav': Failed to extract vocals from 'split_audio\chunk1.wav': 'str' object has no attribute 'shape'
2024-12-21 20:08:10,512 - INFO - Vocal extraction completed for all files. Vocals saved in 'split_vocal'.
2024-12-21 20:08:40,906 - INFO - Starting vocal extraction for 1 files with 4 workers.
2024-12-21 20:08:41,149 - ERROR - Failed to extract vocals from 'split_audio\chunk1.wav': 'str' object has no attribute 'shape'
2024-12-21 20:08:41,150 - ERROR - Error processing 'split_audio\chunk1.wav': Failed to extract vocals from 'split_audio\chunk1.wav': 'str' object has no attribute 'shape'
2024-12-21 20:08:41,151 - INFO - Vocal extraction completed for all files. Vocals saved in 'split_vocal'.
2024-12-21 20:09:10,882 - INFO - Starting vocal extraction for 1 files with 4 workers.
2024-12-21 20:09:18,703 - INFO - File split_vocal\chunk1/vocals.wav written succesfully
2024-12-21 20:09:18,715 - INFO - File split_vocal\chunk1/accompaniment.wav written succesfully
2024-12-21 20:09:18,717 - INFO - Extracted vocals from 'split_audio\chunk1.wav' to 'split_vocal\chunk1\vocals.wav'.
2024-12-21 20:09:18,717 - INFO - Deleted accompaniment file 'split_vocal\chunk1\accompaniment.wav'.
2024-12-21 20:09:18,718 - INFO - Vocal extraction completed for all files. Vocals saved in 'split_vocal'.
2024-12-21 20:13:27,701 - INFO - Starting vocal extraction for 1 files with 4 workers.
2024-12-21 20:13:35,609 - INFO - File split_vocal\chunk1/vocals.wav written succesfully
2024-12-21 20:13:35,633 - INFO - File split_vocal\chunk1/accompaniment.wav written succesfully
2024-12-21 20:13:35,635 - INFO - Extracted vocals saved to 'split_vocal\chunk1.wav'.
2024-12-21 20:13:35,636 - INFO - Deleted accompaniment file 'split_vocal\chunk1\accompaniment.wav'.
2024-12-21 20:13:35,637 - INFO - Deleted empty directory 'split_vocal\chunk1'.
2024-12-21 20:13:35,638 - INFO - Vocal extraction completed for all files. Vocals saved in 'split_vocal'.
2024-12-21 20:15:25,409 - INFO - Starting vocal extraction for 2 files with 4 workers.
2024-12-21 20:15:37,359 - INFO - File split_vocal\chunk2/accompaniment.wav written succesfully
2024-12-21 20:15:37,359 - INFO - File split_vocal\chunk2/vocals.wav written succesfully
2024-12-21 20:15:37,359 - INFO - Extracted vocals saved to 'split_vocal\chunk3.wav'.
2024-12-21 20:15:37,359 - INFO - Deleted accompaniment file 'split_vocal\chunk2\accompaniment.wav'.
2024-12-21 20:15:37,359 - INFO - Deleted empty directory 'split_vocal\chunk2'.
2024-12-21 20:15:39,082 - INFO - File split_vocal\chunk1/vocals.wav written succesfully
2024-12-21 20:15:39,102 - INFO - File split_vocal\chunk1/accompaniment.wav written succesfully
2024-12-21 20:15:39,106 - INFO - Extracted vocals saved to 'split_vocal\chunk2.wav'.
2024-12-21 20:15:39,106 - INFO - Deleted accompaniment file 'split_vocal\chunk1\accompaniment.wav'.
2024-12-21 20:15:39,107 - INFO - Deleted empty directory 'split_vocal\chunk1'.
2024-12-21 20:15:39,109 - INFO - Vocal extraction completed for all files. Vocals saved in 'split_vocal'.
2024-12-22 00:00:30,136 - INFO - Starting vocal extraction for 1 files with 4 workers.
2024-12-22 00:00:32,621 - INFO - Downloading model archive https://github.com/deezer/spleeter/releases/download/v1.4.0/2stems.tar.gz
2024-12-22 00:00:55,441 - INFO - Validating archive checksum
2024-12-22 00:00:57,300 - INFO - Extracting downloaded 2stems archive
2024-12-22 00:00:57,750 - INFO - 2stems model file(s) extracted
2024-12-22 00:01:03,709 - INFO - File split_vocal\chunk1/vocals.wav written succesfully
2024-12-22 00:01:03,719 - INFO - File split_vocal\chunk1/accompaniment.wav written succesfully
2024-12-22 00:01:03,719 - INFO - Extracted vocals saved to 'split_vocal\chunk1.wav'.
2024-12-22 00:01:03,719 - INFO - Deleted accompaniment file 'split_vocal\chunk1\accompaniment.wav'.
2024-12-22 00:01:03,724 - INFO - Deleted empty directory 'split_vocal\chunk1'.
2024-12-22 00:01:03,725 - INFO - Vocal extraction completed for all files. Vocals saved in 'split_vocal'.
2024-12-22 00:31:14,957 - INFO - Starting vocal extraction for 1 files with 4 workers.
2024-12-22 00:31:16,081 - INFO - Downloading model archive https://github.com/deezer/spleeter/releases/download/v1.4.0/2stems.tar.gz
2024-12-22 00:31:37,039 - INFO - Validating archive checksum
2024-12-22 00:31:38,676 - INFO - Extracting downloaded 2stems archive
2024-12-22 00:31:39,120 - INFO - 2stems model file(s) extracted
2024-12-22 00:31:43,989 - INFO - File split_vocal\chunk1/vocals.wav written succesfully
2024-12-22 00:31:44,003 - INFO - File split_vocal\chunk1/accompaniment.wav written succesfully
2024-12-22 00:31:44,005 - INFO - Extracted vocals saved to 'split_vocal\chunk1.wav'.
2024-12-22 00:31:44,006 - INFO - Deleted accompaniment file 'split_vocal\chunk1\accompaniment.wav'.
2024-12-22 00:31:44,006 - INFO - Deleted empty directory 'split_vocal\chunk1'.
2024-12-22 00:31:44,008 - INFO - Vocal extraction completed for all files. Vocals saved in 'split_vocal'.
2024-12-22 11:30:30,969 - INFO - Starting vocal extraction for 1 files with 4 workers.
2024-12-22 11:30:41,175 - INFO - File split_vocal\chunk1/vocals.wav written succesfully
2024-12-22 11:30:41,185 - INFO - File split_vocal\chunk1/accompaniment.wav written succesfully
2024-12-22 11:30:41,194 - INFO - Extracted vocals saved to 'split_vocal\chunk1.wav'.
2024-12-22 11:30:41,194 - INFO - Deleted accompaniment file 'split_vocal\chunk1\accompaniment.wav'.
2024-12-22 11:30:41,195 - INFO - Deleted empty directory 'split_vocal\chunk1'.
2024-12-22 11:30:41,197 - INFO - Vocal extraction completed for all files. Vocals saved in 'split_vocal'.
2024-12-22 13:43:32,176 - INFO - Starting vocal extraction for 1 files with 4 workers.
2024-12-22 13:43:40,146 - INFO - Downloading model archive https://github.com/deezer/spleeter/releases/download/v1.4.0/2stems.tar.gz
2024-12-22 13:43:59,960 - INFO - Validating archive checksum
2024-12-22 13:44:01,570 - INFO - Extracting downloaded 2stems archive
2024-12-22 13:44:02,017 - INFO - 2stems model file(s) extracted
2024-12-22 13:44:04,324 - INFO - File split_vocal\chunk1/vocals.wav written succesfully
2024-12-22 13:44:04,324 - INFO - File split_vocal\chunk1/accompaniment.wav written succesfully
2024-12-22 13:44:04,338 - INFO - Extracted vocals saved to 'split_vocal\chunk1.wav'.
2024-12-22 13:44:04,339 - INFO - Deleted accompaniment file 'split_vocal\chunk1\accompaniment.wav'.
2024-12-22 13:44:04,340 - INFO - Deleted empty directory 'split_vocal\chunk1'.
2024-12-22 13:44:04,368 - INFO - Vocal extraction completed for all files. Vocals saved in 'split_vocal'.
2024-12-22 17:32:22,895 - INFO - Starting vocal extraction for 1 files with 4 workers.
2024-12-22 17:32:28,001 - INFO - Downloading model archive https://github.com/deezer/spleeter/releases/download/v1.4.0/2stems.tar.gz
2024-12-22 17:32:48,030 - INFO - Validating archive checksum
2024-12-22 17:32:49,659 - INFO - Extracting downloaded 2stems archive
2024-12-22 17:32:50,097 - INFO - 2stems model file(s) extracted
2024-12-22 17:32:50,980 - INFO - File split_vocal\chunk1/vocals.wav written succesfully
2024-12-22 17:32:50,980 - INFO - File split_vocal\chunk1/accompaniment.wav written succesfully
2024-12-22 17:32:50,986 - INFO - Extracted vocals saved to 'split_vocal\chunk1.wav'.
2024-12-22 17:32:50,986 - INFO - Deleted accompaniment file 'split_vocal\chunk1\accompaniment.wav'.
2024-12-22 17:32:50,986 - INFO - Deleted empty directory 'split_vocal\chunk1'.
2024-12-22 17:32:51,012 - INFO - Vocal extraction completed for all files. Vocals saved in 'split_vocal'.
2024-12-22 19:59:47,256 - INFO - Starting vocal extraction for 'processed_audio/audio.wav'.
2024-12-22 19:59:57,306 - INFO - Downloading model archive https://github.com/deezer/spleeter/releases/download/v1.4.0/2stems.tar.gz
2024-12-22 20:00:18,857 - INFO - Validating archive checksum
2024-12-22 20:00:20,614 - INFO - Extracting downloaded 2stems archive
2024-12-22 20:00:21,040 - INFO - 2stems model file(s) extracted
2024-12-22 20:00:38,548 - INFO - File extracted_vocal\audio/vocals.wav written succesfully
2024-12-22 20:00:38,548 - INFO - File extracted_vocal\audio/accompaniment.wav written succesfully
2024-12-22 20:00:38,590 - INFO - Extracted vocals saved to 'extracted_vocal\audio.wav'.
2024-12-22 20:00:38,598 - INFO - Deleted accompaniment file 'extracted_vocal\audio\accompaniment.wav'.
2024-12-22 20:00:38,599 - INFO - Deleted empty directory 'extracted_vocal\audio'.
2024-12-22 20:00:38,647 - INFO - Vocal extraction completed. Extracted vocals saved as 'audio.wav' in 'extracted_vocal'.
2024-12-23 20:14:09,236 - INFO - File temp_separation\audio/vocals.wav written succesfully
2024-12-23 20:14:09,403 - INFO - File temp_separation\audio/accompaniment.wav written succesfully
